<?xml version="1.0" encoding="UTF-8"?>
<testsuite name="com.ceiba.parking.application.bussines.ParkingRulesImplTest" tests="3" skipped="0" failures="0" errors="0" timestamp="2018-05-21T20:50:42" hostname="JUAN-HERRERA" time="0.021">
  <properties/>
  <testcase name="testMotorcycleAvailableSpot" classname="com.ceiba.parking.application.bussines.ParkingRulesImplTest" time="0.005"/>
  <testcase name="testPlateRestriction" classname="com.ceiba.parking.application.bussines.ParkingRulesImplTest" time="0.005"/>
  <testcase name="testCarAvailableSpot" classname="com.ceiba.parking.application.bussines.ParkingRulesImplTest" time="0.005"/>
  <system-out><![CDATA[2018-05-21 15:50:42.063  INFO 10764 --- [    Test worker] .b.t.c.SpringBootTestContextBootstrapper : Neither @ContextConfiguration nor @ContextHierarchy found for test class [com.ceiba.parking.application.bussines.ParkingRulesImplTest], using SpringBootContextLoader
2018-05-21 15:50:42.065  INFO 10764 --- [    Test worker] o.s.t.c.support.AbstractContextLoader    : Could not detect default resource locations for test class [com.ceiba.parking.application.bussines.ParkingRulesImplTest]: no resource found for suffixes {-context.xml, Context.groovy}.
2018-05-21 15:50:42.065  INFO 10764 --- [    Test worker] t.c.s.AnnotationConfigContextLoaderUtils : Could not detect default configuration classes for test class [com.ceiba.parking.application.bussines.ParkingRulesImplTest]: ParkingRulesImplTest does not declare any static, non-private, non-final, nested classes annotated with @Configuration.
2018-05-21 15:50:42.067  INFO 10764 --- [    Test worker] .b.t.c.SpringBootTestContextBootstrapper : Found @SpringBootConfiguration com.ceiba.parking.application.Application for test class com.ceiba.parking.application.bussines.ParkingRulesImplTest
2018-05-21 15:50:42.071  INFO 10764 --- [    Test worker] .b.t.c.SpringBootTestContextBootstrapper : Loaded default TestExecutionListener class names from location [META-INF/spring.factories]: [org.springframework.boot.test.autoconfigure.restdocs.RestDocsTestExecutionListener, org.springframework.boot.test.autoconfigure.web.client.MockRestServiceServerResetTestExecutionListener, org.springframework.boot.test.autoconfigure.web.servlet.MockMvcPrintOnlyOnFailureTestExecutionListener, org.springframework.boot.test.autoconfigure.web.servlet.WebDriverTestExecutionListener, org.springframework.boot.test.mock.mockito.MockitoTestExecutionListener, org.springframework.boot.test.mock.mockito.ResetMocksTestExecutionListener, org.springframework.test.context.web.ServletTestExecutionListener, org.springframework.test.context.support.DirtiesContextBeforeModesTestExecutionListener, org.springframework.test.context.support.DependencyInjectionTestExecutionListener, org.springframework.test.context.support.DirtiesContextTestExecutionListener, org.springframework.test.context.transaction.TransactionalTestExecutionListener, org.springframework.test.context.jdbc.SqlScriptsTestExecutionListener]
2018-05-21 15:50:42.072  INFO 10764 --- [    Test worker] .b.t.c.SpringBootTestContextBootstrapper : Using TestExecutionListeners: [org.springframework.test.context.web.ServletTestExecutionListener@3e40b092, org.springframework.test.context.support.DirtiesContextBeforeModesTestExecutionListener@262868bb, org.springframework.boot.test.mock.mockito.MockitoTestExecutionListener@5530e0d8, org.springframework.boot.test.autoconfigure.SpringBootDependencyInjectionTestExecutionListener@4c573ecd, org.springframework.test.context.support.DirtiesContextTestExecutionListener@7728d3f5, org.springframework.test.context.transaction.TransactionalTestExecutionListener@1220101b, org.springframework.test.context.jdbc.SqlScriptsTestExecutionListener@40c414a7, org.springframework.boot.test.autoconfigure.restdocs.RestDocsTestExecutionListener@3590eb24, org.springframework.boot.test.autoconfigure.web.client.MockRestServiceServerResetTestExecutionListener@4963118, org.springframework.boot.test.autoconfigure.web.servlet.MockMvcPrintOnlyOnFailureTestExecutionListener@16a45959, org.springframework.boot.test.autoconfigure.web.servlet.WebDriverTestExecutionListener@76a50606, org.springframework.boot.test.mock.mockito.ResetMocksTestExecutionListener@445e1a3d]
]]></system-out>
  <system-err><![CDATA[]]></system-err>
</testsuite>
