<?xml version="1.0" encoding="UTF-8"?>
<testsuite name="com.ceiba.parking.application.bussines.CalculateTimeTest" tests="3" skipped="0" failures="0" errors="0" timestamp="2018-05-21T21:11:56" hostname="JUAN-HERRERA" time="0.017">
  <properties/>
  <testcase name="testCalcualteParkingHours" classname="com.ceiba.parking.application.bussines.CalculateTimeTest" time="0.006"/>
  <testcase name="testCalcualteParkingDays" classname="com.ceiba.parking.application.bussines.CalculateTimeTest" time="0.003"/>
  <testcase name="testCalcualteParkingTenHours" classname="com.ceiba.parking.application.bussines.CalculateTimeTest" time="0.005"/>
  <system-out><![CDATA[2018-05-21 16:11:56.559  INFO 12624 --- [    Test worker] .b.t.c.SpringBootTestContextBootstrapper : Neither @ContextConfiguration nor @ContextHierarchy found for test class [com.ceiba.parking.application.bussines.CalculateTimeTest], using SpringBootContextLoader
2018-05-21 16:11:56.561  INFO 12624 --- [    Test worker] o.s.t.c.support.AbstractContextLoader    : Could not detect default resource locations for test class [com.ceiba.parking.application.bussines.CalculateTimeTest]: no resource found for suffixes {-context.xml, Context.groovy}.
2018-05-21 16:11:56.561  INFO 12624 --- [    Test worker] t.c.s.AnnotationConfigContextLoaderUtils : Could not detect default configuration classes for test class [com.ceiba.parking.application.bussines.CalculateTimeTest]: CalculateTimeTest does not declare any static, non-private, non-final, nested classes annotated with @Configuration.
2018-05-21 16:11:56.564  INFO 12624 --- [    Test worker] .b.t.c.SpringBootTestContextBootstrapper : Found @SpringBootConfiguration com.ceiba.parking.application.Application for test class com.ceiba.parking.application.bussines.CalculateTimeTest
2018-05-21 16:11:56.567  INFO 12624 --- [    Test worker] .b.t.c.SpringBootTestContextBootstrapper : Loaded default TestExecutionListener class names from location [META-INF/spring.factories]: [org.springframework.boot.test.autoconfigure.restdocs.RestDocsTestExecutionListener, org.springframework.boot.test.autoconfigure.web.client.MockRestServiceServerResetTestExecutionListener, org.springframework.boot.test.autoconfigure.web.servlet.MockMvcPrintOnlyOnFailureTestExecutionListener, org.springframework.boot.test.autoconfigure.web.servlet.WebDriverTestExecutionListener, org.springframework.boot.test.mock.mockito.MockitoTestExecutionListener, org.springframework.boot.test.mock.mockito.ResetMocksTestExecutionListener, org.springframework.test.context.web.ServletTestExecutionListener, org.springframework.test.context.support.DirtiesContextBeforeModesTestExecutionListener, org.springframework.test.context.support.DependencyInjectionTestExecutionListener, org.springframework.test.context.support.DirtiesContextTestExecutionListener, org.springframework.test.context.transaction.TransactionalTestExecutionListener, org.springframework.test.context.jdbc.SqlScriptsTestExecutionListener]
2018-05-21 16:11:56.568  INFO 12624 --- [    Test worker] .b.t.c.SpringBootTestContextBootstrapper : Using TestExecutionListeners: [org.springframework.test.context.web.ServletTestExecutionListener@776bf3c1, org.springframework.test.context.support.DirtiesContextBeforeModesTestExecutionListener@2b6c58c8, org.springframework.boot.test.mock.mockito.MockitoTestExecutionListener@5d18518c, org.springframework.boot.test.autoconfigure.SpringBootDependencyInjectionTestExecutionListener@7af96688, org.springframework.test.context.support.DirtiesContextTestExecutionListener@52a467ed, org.springframework.test.context.transaction.TransactionalTestExecutionListener@1bc7cf69, org.springframework.test.context.jdbc.SqlScriptsTestExecutionListener@44c69ac, org.springframework.boot.test.autoconfigure.restdocs.RestDocsTestExecutionListener@3530828b, org.springframework.boot.test.autoconfigure.web.client.MockRestServiceServerResetTestExecutionListener@445a00cf, org.springframework.boot.test.autoconfigure.web.servlet.MockMvcPrintOnlyOnFailureTestExecutionListener@61c333aa, org.springframework.boot.test.autoconfigure.web.servlet.WebDriverTestExecutionListener@6a53737, org.springframework.boot.test.mock.mockito.ResetMocksTestExecutionListener@37b0c9b2]
]]></system-out>
  <system-err><![CDATA[]]></system-err>
</testsuite>
