<?xml version="1.0" encoding="UTF-8"?>
<testsuite name="com.ceibaParking.application.service.parkingServiceTest" tests="2" skipped="0" failures="0" errors="0" timestamp="2018-05-11T12:53:41" hostname="JUAN-HERRERA" time="0.294">
  <properties/>
  <testcase name="registerMotorcycleService" classname="com.ceibaParking.application.service.parkingServiceTest" time="0.232"/>
  <testcase name="registerCarService" classname="com.ceibaParking.application.service.parkingServiceTest" time="0.061"/>
  <system-out><![CDATA[2018-05-11 07:53:40.990  INFO 13252 --- [    Test worker] .b.t.c.SpringBootTestContextBootstrapper : Neither @ContextConfiguration nor @ContextHierarchy found for test class [com.ceibaParking.application.service.parkingServiceTest], using SpringBootContextLoader
2018-05-11 07:53:40.992  INFO 13252 --- [    Test worker] o.s.t.c.support.AbstractContextLoader    : Could not detect default resource locations for test class [com.ceibaParking.application.service.parkingServiceTest]: no resource found for suffixes {-context.xml, Context.groovy}.
2018-05-11 07:53:40.993  INFO 13252 --- [    Test worker] t.c.s.AnnotationConfigContextLoaderUtils : Could not detect default configuration classes for test class [com.ceibaParking.application.service.parkingServiceTest]: parkingServiceTest does not declare any static, non-private, non-final, nested classes annotated with @Configuration.
2018-05-11 07:53:41.010  INFO 13252 --- [    Test worker] .b.t.c.SpringBootTestContextBootstrapper : Found @SpringBootConfiguration com.ceibaParking.application.Application for test class com.ceibaParking.application.service.parkingServiceTest
2018-05-11 07:53:41.017  INFO 13252 --- [    Test worker] .b.t.c.SpringBootTestContextBootstrapper : Loaded default TestExecutionListener class names from location [META-INF/spring.factories]: [org.springframework.boot.test.autoconfigure.restdocs.RestDocsTestExecutionListener, org.springframework.boot.test.autoconfigure.web.client.MockRestServiceServerResetTestExecutionListener, org.springframework.boot.test.autoconfigure.web.servlet.MockMvcPrintOnlyOnFailureTestExecutionListener, org.springframework.boot.test.autoconfigure.web.servlet.WebDriverTestExecutionListener, org.springframework.boot.test.mock.mockito.MockitoTestExecutionListener, org.springframework.boot.test.mock.mockito.ResetMocksTestExecutionListener, org.springframework.test.context.web.ServletTestExecutionListener, org.springframework.test.context.support.DirtiesContextBeforeModesTestExecutionListener, org.springframework.test.context.support.DependencyInjectionTestExecutionListener, org.springframework.test.context.support.DirtiesContextTestExecutionListener, org.springframework.test.context.transaction.TransactionalTestExecutionListener, org.springframework.test.context.jdbc.SqlScriptsTestExecutionListener]
2018-05-11 07:53:41.019  INFO 13252 --- [    Test worker] .b.t.c.SpringBootTestContextBootstrapper : Using TestExecutionListeners: [org.springframework.test.context.web.ServletTestExecutionListener@3ed351fd, org.springframework.test.context.support.DirtiesContextBeforeModesTestExecutionListener@1d7afde0, org.springframework.boot.test.mock.mockito.MockitoTestExecutionListener@55547cd0, org.springframework.boot.test.autoconfigure.SpringBootDependencyInjectionTestExecutionListener@2fdce0b8, org.springframework.test.context.support.DirtiesContextTestExecutionListener@b241007, org.springframework.test.context.transaction.TransactionalTestExecutionListener@41fb797e, org.springframework.test.context.jdbc.SqlScriptsTestExecutionListener@37bf3f6d, org.springframework.boot.test.autoconfigure.restdocs.RestDocsTestExecutionListener@7f2ed002, org.springframework.boot.test.autoconfigure.web.client.MockRestServiceServerResetTestExecutionListener@54a143c8, org.springframework.boot.test.autoconfigure.web.servlet.MockMvcPrintOnlyOnFailureTestExecutionListener@4e0be0ab, org.springframework.boot.test.autoconfigure.web.servlet.WebDriverTestExecutionListener@1fa50, org.springframework.boot.test.mock.mockito.ResetMocksTestExecutionListener@9269492]
]]></system-out>
  <system-err><![CDATA[]]></system-err>
</testsuite>
