<?xml version="1.0" encoding="UTF-8"?>
<testsuite name="com.ceiba.parking.application.bussines.CalculateTimeTest" tests="3" skipped="0" failures="0" errors="0" timestamp="2018-05-21T21:22:03" hostname="JUAN-HERRERA" time="0.014">
  <properties/>
  <testcase name="testCalcualteParkingHours" classname="com.ceiba.parking.application.bussines.CalculateTimeTest" time="0.004"/>
  <testcase name="testCalcualteParkingDays" classname="com.ceiba.parking.application.bussines.CalculateTimeTest" time="0.004"/>
  <testcase name="testCalcualteParkingTenHours" classname="com.ceiba.parking.application.bussines.CalculateTimeTest" time="0.003"/>
  <system-out><![CDATA[2018-05-21 16:22:03.154  INFO 2072 --- [    Test worker] .b.t.c.SpringBootTestContextBootstrapper : Neither @ContextConfiguration nor @ContextHierarchy found for test class [com.ceiba.parking.application.bussines.CalculateTimeTest], using SpringBootContextLoader
2018-05-21 16:22:03.155  INFO 2072 --- [    Test worker] o.s.t.c.support.AbstractContextLoader    : Could not detect default resource locations for test class [com.ceiba.parking.application.bussines.CalculateTimeTest]: no resource found for suffixes {-context.xml, Context.groovy}.
2018-05-21 16:22:03.155  INFO 2072 --- [    Test worker] t.c.s.AnnotationConfigContextLoaderUtils : Could not detect default configuration classes for test class [com.ceiba.parking.application.bussines.CalculateTimeTest]: CalculateTimeTest does not declare any static, non-private, non-final, nested classes annotated with @Configuration.
2018-05-21 16:22:03.157  INFO 2072 --- [    Test worker] .b.t.c.SpringBootTestContextBootstrapper : Found @SpringBootConfiguration com.ceiba.parking.application.Application for test class com.ceiba.parking.application.bussines.CalculateTimeTest
2018-05-21 16:22:03.159  INFO 2072 --- [    Test worker] .b.t.c.SpringBootTestContextBootstrapper : Loaded default TestExecutionListener class names from location [META-INF/spring.factories]: [org.springframework.boot.test.autoconfigure.restdocs.RestDocsTestExecutionListener, org.springframework.boot.test.autoconfigure.web.client.MockRestServiceServerResetTestExecutionListener, org.springframework.boot.test.autoconfigure.web.servlet.MockMvcPrintOnlyOnFailureTestExecutionListener, org.springframework.boot.test.autoconfigure.web.servlet.WebDriverTestExecutionListener, org.springframework.boot.test.mock.mockito.MockitoTestExecutionListener, org.springframework.boot.test.mock.mockito.ResetMocksTestExecutionListener, org.springframework.test.context.web.ServletTestExecutionListener, org.springframework.test.context.support.DirtiesContextBeforeModesTestExecutionListener, org.springframework.test.context.support.DependencyInjectionTestExecutionListener, org.springframework.test.context.support.DirtiesContextTestExecutionListener, org.springframework.test.context.transaction.TransactionalTestExecutionListener, org.springframework.test.context.jdbc.SqlScriptsTestExecutionListener]
2018-05-21 16:22:03.160  INFO 2072 --- [    Test worker] .b.t.c.SpringBootTestContextBootstrapper : Using TestExecutionListeners: [org.springframework.test.context.web.ServletTestExecutionListener@307a548, org.springframework.test.context.support.DirtiesContextBeforeModesTestExecutionListener@79f64ff8, org.springframework.boot.test.mock.mockito.MockitoTestExecutionListener@284b94ca, org.springframework.boot.test.autoconfigure.SpringBootDependencyInjectionTestExecutionListener@28ebe402, org.springframework.test.context.support.DirtiesContextTestExecutionListener@16f829b2, org.springframework.test.context.transaction.TransactionalTestExecutionListener@5d3a2d1a, org.springframework.test.context.jdbc.SqlScriptsTestExecutionListener@29230fb3, org.springframework.boot.test.autoconfigure.restdocs.RestDocsTestExecutionListener@5e9f2561, org.springframework.boot.test.autoconfigure.web.client.MockRestServiceServerResetTestExecutionListener@9fd32b9, org.springframework.boot.test.autoconfigure.web.servlet.MockMvcPrintOnlyOnFailureTestExecutionListener@5239c61, org.springframework.boot.test.autoconfigure.web.servlet.WebDriverTestExecutionListener@34cc45e1, org.springframework.boot.test.mock.mockito.ResetMocksTestExecutionListener@135fda34]
]]></system-out>
  <system-err><![CDATA[]]></system-err>
</testsuite>
