<?xml version="1.0" encoding="UTF-8"?>
<testsuite name="com.ceiba.parking.application.service.ParkingControllerTest" tests="10" skipped="0" failures="0" errors="0" timestamp="2018-05-21T20:50:42" hostname="JUAN-HERRERA" time="0.065">
  <properties/>
  <testcase name="noLawfulDayregisterVehicle" classname="com.ceiba.parking.application.service.ParkingControllerTest" time="0.008"/>
  <testcase name="searchVehicleTest" classname="com.ceiba.parking.application.service.ParkingControllerTest" time="0.005"/>
  <testcase name="registerMotorcycleVehicleService" classname="com.ceiba.parking.application.service.ParkingControllerTest" time="0.005"/>
  <testcase name="retireCar" classname="com.ceiba.parking.application.service.ParkingControllerTest" time="0.005"/>
  <testcase name="retireCarTenHours" classname="com.ceiba.parking.application.service.ParkingControllerTest" time="0.004"/>
  <testcase name="registerPayment" classname="com.ceiba.parking.application.service.ParkingControllerTest" time="0.004"/>
  <testcase name="noAvailablePlacesCar" classname="com.ceiba.parking.application.service.ParkingControllerTest" time="0.004"/>
  <testcase name="retireCarOneDaysThreeHours" classname="com.ceiba.parking.application.service.ParkingControllerTest" time="0.004"/>
  <testcase name="registerCarVehicleService" classname="com.ceiba.parking.application.service.ParkingControllerTest" time="0.004"/>
  <testcase name="retireMotorcycleTenHours" classname="com.ceiba.parking.application.service.ParkingControllerTest" time="0.005"/>
  <system-out><![CDATA[2018-05-21 15:50:42.104  INFO 10764 --- [    Test worker] .b.t.c.SpringBootTestContextBootstrapper : Neither @ContextConfiguration nor @ContextHierarchy found for test class [com.ceiba.parking.application.service.ParkingControllerTest], using SpringBootContextLoader
2018-05-21 15:50:42.105  INFO 10764 --- [    Test worker] o.s.t.c.support.AbstractContextLoader    : Could not detect default resource locations for test class [com.ceiba.parking.application.service.ParkingControllerTest]: no resource found for suffixes {-context.xml, Context.groovy}.
2018-05-21 15:50:42.105  INFO 10764 --- [    Test worker] t.c.s.AnnotationConfigContextLoaderUtils : Could not detect default configuration classes for test class [com.ceiba.parking.application.service.ParkingControllerTest]: ParkingControllerTest does not declare any static, non-private, non-final, nested classes annotated with @Configuration.
2018-05-21 15:50:42.117  INFO 10764 --- [    Test worker] .b.t.c.SpringBootTestContextBootstrapper : Found @SpringBootConfiguration com.ceiba.parking.application.Application for test class com.ceiba.parking.application.service.ParkingControllerTest
2018-05-21 15:50:42.120  INFO 10764 --- [    Test worker] .b.t.c.SpringBootTestContextBootstrapper : Loaded default TestExecutionListener class names from location [META-INF/spring.factories]: [org.springframework.boot.test.autoconfigure.restdocs.RestDocsTestExecutionListener, org.springframework.boot.test.autoconfigure.web.client.MockRestServiceServerResetTestExecutionListener, org.springframework.boot.test.autoconfigure.web.servlet.MockMvcPrintOnlyOnFailureTestExecutionListener, org.springframework.boot.test.autoconfigure.web.servlet.WebDriverTestExecutionListener, org.springframework.boot.test.mock.mockito.MockitoTestExecutionListener, org.springframework.boot.test.mock.mockito.ResetMocksTestExecutionListener, org.springframework.test.context.web.ServletTestExecutionListener, org.springframework.test.context.support.DirtiesContextBeforeModesTestExecutionListener, org.springframework.test.context.support.DependencyInjectionTestExecutionListener, org.springframework.test.context.support.DirtiesContextTestExecutionListener, org.springframework.test.context.transaction.TransactionalTestExecutionListener, org.springframework.test.context.jdbc.SqlScriptsTestExecutionListener]
2018-05-21 15:50:42.120  INFO 10764 --- [    Test worker] .b.t.c.SpringBootTestContextBootstrapper : Using TestExecutionListeners: [org.springframework.test.context.web.ServletTestExecutionListener@64c46a68, org.springframework.test.context.support.DirtiesContextBeforeModesTestExecutionListener@6fa987ca, org.springframework.boot.test.mock.mockito.MockitoTestExecutionListener@188778de, org.springframework.boot.test.autoconfigure.SpringBootDependencyInjectionTestExecutionListener@74ce69bf, org.springframework.test.context.support.DirtiesContextTestExecutionListener@331eca64, org.springframework.test.context.transaction.TransactionalTestExecutionListener@102a9c1a, org.springframework.test.context.jdbc.SqlScriptsTestExecutionListener@33485749, org.springframework.boot.test.autoconfigure.restdocs.RestDocsTestExecutionListener@344c430e, org.springframework.boot.test.autoconfigure.web.client.MockRestServiceServerResetTestExecutionListener@7144f209, org.springframework.boot.test.autoconfigure.web.servlet.MockMvcPrintOnlyOnFailureTestExecutionListener@35ca6a77, org.springframework.boot.test.autoconfigure.web.servlet.WebDriverTestExecutionListener@44499198, org.springframework.boot.test.mock.mockito.ResetMocksTestExecutionListener@12cbee2c]
]]></system-out>
  <system-err><![CDATA[]]></system-err>
</testsuite>
