<?xml version="1.0" encoding="UTF-8"?>
<testsuite name="com.ceiba.parking.application.bussines.CalculateTimeTest" tests="3" skipped="0" failures="0" errors="0" timestamp="2018-05-21T20:50:42" hostname="JUAN-HERRERA" time="0.013">
  <properties/>
  <testcase name="testCalcualteParkingHours" classname="com.ceiba.parking.application.bussines.CalculateTimeTest" time="0.005"/>
  <testcase name="testCalcualteParkingDays" classname="com.ceiba.parking.application.bussines.CalculateTimeTest" time="0.004"/>
  <testcase name="testCalcualteParkingTenHours" classname="com.ceiba.parking.application.bussines.CalculateTimeTest" time="0.002"/>
  <system-out><![CDATA[2018-05-21 15:50:42.036  INFO 10764 --- [    Test worker] .b.t.c.SpringBootTestContextBootstrapper : Neither @ContextConfiguration nor @ContextHierarchy found for test class [com.ceiba.parking.application.bussines.CalculateTimeTest], using SpringBootContextLoader
2018-05-21 15:50:42.038  INFO 10764 --- [    Test worker] o.s.t.c.support.AbstractContextLoader    : Could not detect default resource locations for test class [com.ceiba.parking.application.bussines.CalculateTimeTest]: no resource found for suffixes {-context.xml, Context.groovy}.
2018-05-21 15:50:42.038  INFO 10764 --- [    Test worker] t.c.s.AnnotationConfigContextLoaderUtils : Could not detect default configuration classes for test class [com.ceiba.parking.application.bussines.CalculateTimeTest]: CalculateTimeTest does not declare any static, non-private, non-final, nested classes annotated with @Configuration.
2018-05-21 15:50:42.040  INFO 10764 --- [    Test worker] .b.t.c.SpringBootTestContextBootstrapper : Found @SpringBootConfiguration com.ceiba.parking.application.Application for test class com.ceiba.parking.application.bussines.CalculateTimeTest
2018-05-21 15:50:42.042  INFO 10764 --- [    Test worker] .b.t.c.SpringBootTestContextBootstrapper : Loaded default TestExecutionListener class names from location [META-INF/spring.factories]: [org.springframework.boot.test.autoconfigure.restdocs.RestDocsTestExecutionListener, org.springframework.boot.test.autoconfigure.web.client.MockRestServiceServerResetTestExecutionListener, org.springframework.boot.test.autoconfigure.web.servlet.MockMvcPrintOnlyOnFailureTestExecutionListener, org.springframework.boot.test.autoconfigure.web.servlet.WebDriverTestExecutionListener, org.springframework.boot.test.mock.mockito.MockitoTestExecutionListener, org.springframework.boot.test.mock.mockito.ResetMocksTestExecutionListener, org.springframework.test.context.web.ServletTestExecutionListener, org.springframework.test.context.support.DirtiesContextBeforeModesTestExecutionListener, org.springframework.test.context.support.DependencyInjectionTestExecutionListener, org.springframework.test.context.support.DirtiesContextTestExecutionListener, org.springframework.test.context.transaction.TransactionalTestExecutionListener, org.springframework.test.context.jdbc.SqlScriptsTestExecutionListener]
2018-05-21 15:50:42.043  INFO 10764 --- [    Test worker] .b.t.c.SpringBootTestContextBootstrapper : Using TestExecutionListeners: [org.springframework.test.context.web.ServletTestExecutionListener@4e032817, org.springframework.test.context.support.DirtiesContextBeforeModesTestExecutionListener@24433e64, org.springframework.boot.test.mock.mockito.MockitoTestExecutionListener@4764ada3, org.springframework.boot.test.autoconfigure.SpringBootDependencyInjectionTestExecutionListener@a5b82bd, org.springframework.test.context.support.DirtiesContextTestExecutionListener@5dcf5071, org.springframework.test.context.transaction.TransactionalTestExecutionListener@6042e5b2, org.springframework.test.context.jdbc.SqlScriptsTestExecutionListener@2a945ac, org.springframework.boot.test.autoconfigure.restdocs.RestDocsTestExecutionListener@5431612e, org.springframework.boot.test.autoconfigure.web.client.MockRestServiceServerResetTestExecutionListener@73daef01, org.springframework.boot.test.autoconfigure.web.servlet.MockMvcPrintOnlyOnFailureTestExecutionListener@442fbbd, org.springframework.boot.test.autoconfigure.web.servlet.WebDriverTestExecutionListener@4c8e4abc, org.springframework.boot.test.mock.mockito.ResetMocksTestExecutionListener@13e97a12]
]]></system-out>
  <system-err><![CDATA[]]></system-err>
</testsuite>
