<?xml version="1.0" encoding="UTF-8"?>
<testsuite name="com.ceiba.parking.application.bussines.CalculateCostTest" tests="4" skipped="0" failures="0" errors="0" timestamp="2018-05-21T20:50:42" hostname="JUAN-HERRERA" time="0.018">
  <properties/>
  <testcase name="testCalculateCarParkingCost" classname="com.ceiba.parking.application.bussines.CalculateCostTest" time="0.005"/>
  <testcase name="testCalculateMotorcycleParkingCostHighCilinder" classname="com.ceiba.parking.application.bussines.CalculateCostTest" time="0.003"/>
  <testcase name="testCalculateMotorcycleParkingCostLowCilinder" classname="com.ceiba.parking.application.bussines.CalculateCostTest" time="0.003"/>
  <testcase name="testCalculateMotorcycleParkingCostTenHours" classname="com.ceiba.parking.application.bussines.CalculateCostTest" time="0.004"/>
  <system-out><![CDATA[2018-05-21 15:50:41.993  INFO 10764 --- [    Test worker] .b.t.c.SpringBootTestContextBootstrapper : Neither @ContextConfiguration nor @ContextHierarchy found for test class [com.ceiba.parking.application.bussines.CalculateCostTest], using SpringBootContextLoader
2018-05-21 15:50:41.995  INFO 10764 --- [    Test worker] o.s.t.c.support.AbstractContextLoader    : Could not detect default resource locations for test class [com.ceiba.parking.application.bussines.CalculateCostTest]: no resource found for suffixes {-context.xml, Context.groovy}.
2018-05-21 15:50:41.995  INFO 10764 --- [    Test worker] t.c.s.AnnotationConfigContextLoaderUtils : Could not detect default configuration classes for test class [com.ceiba.parking.application.bussines.CalculateCostTest]: CalculateCostTest does not declare any static, non-private, non-final, nested classes annotated with @Configuration.
2018-05-21 15:50:42.009  INFO 10764 --- [    Test worker] .b.t.c.SpringBootTestContextBootstrapper : Found @SpringBootConfiguration com.ceiba.parking.application.Application for test class com.ceiba.parking.application.bussines.CalculateCostTest
2018-05-21 15:50:42.012  INFO 10764 --- [    Test worker] .b.t.c.SpringBootTestContextBootstrapper : Loaded default TestExecutionListener class names from location [META-INF/spring.factories]: [org.springframework.boot.test.autoconfigure.restdocs.RestDocsTestExecutionListener, org.springframework.boot.test.autoconfigure.web.client.MockRestServiceServerResetTestExecutionListener, org.springframework.boot.test.autoconfigure.web.servlet.MockMvcPrintOnlyOnFailureTestExecutionListener, org.springframework.boot.test.autoconfigure.web.servlet.WebDriverTestExecutionListener, org.springframework.boot.test.mock.mockito.MockitoTestExecutionListener, org.springframework.boot.test.mock.mockito.ResetMocksTestExecutionListener, org.springframework.test.context.web.ServletTestExecutionListener, org.springframework.test.context.support.DirtiesContextBeforeModesTestExecutionListener, org.springframework.test.context.support.DependencyInjectionTestExecutionListener, org.springframework.test.context.support.DirtiesContextTestExecutionListener, org.springframework.test.context.transaction.TransactionalTestExecutionListener, org.springframework.test.context.jdbc.SqlScriptsTestExecutionListener]
2018-05-21 15:50:42.013  INFO 10764 --- [    Test worker] .b.t.c.SpringBootTestContextBootstrapper : Using TestExecutionListeners: [org.springframework.test.context.web.ServletTestExecutionListener@139dd163, org.springframework.test.context.support.DirtiesContextBeforeModesTestExecutionListener@1d7753b5, org.springframework.boot.test.mock.mockito.MockitoTestExecutionListener@1dcb59f4, org.springframework.boot.test.autoconfigure.SpringBootDependencyInjectionTestExecutionListener@4f53da64, org.springframework.test.context.support.DirtiesContextTestExecutionListener@32b80c24, org.springframework.test.context.transaction.TransactionalTestExecutionListener@15750b3d, org.springframework.test.context.jdbc.SqlScriptsTestExecutionListener@5236e49e, org.springframework.boot.test.autoconfigure.restdocs.RestDocsTestExecutionListener@3678446, org.springframework.boot.test.autoconfigure.web.client.MockRestServiceServerResetTestExecutionListener@71cc7122, org.springframework.boot.test.autoconfigure.web.servlet.MockMvcPrintOnlyOnFailureTestExecutionListener@4cddb0c5, org.springframework.boot.test.autoconfigure.web.servlet.WebDriverTestExecutionListener@29aabfd4, org.springframework.boot.test.mock.mockito.ResetMocksTestExecutionListener@16d04b13]
]]></system-out>
  <system-err><![CDATA[]]></system-err>
</testsuite>
