<?xml version="1.0" encoding="UTF-8"?>
<testsuite name="com.ceiba.parking.application.bussines.CalculateCostTest" tests="4" skipped="0" failures="0" errors="0" timestamp="2018-05-21T21:22:03" hostname="JUAN-HERRERA" time="0.02">
  <properties/>
  <testcase name="testCalculateCarParkingCost" classname="com.ceiba.parking.application.bussines.CalculateCostTest" time="0.004"/>
  <testcase name="testCalculateMotorcycleParkingCostHighCilinder" classname="com.ceiba.parking.application.bussines.CalculateCostTest" time="0.004"/>
  <testcase name="testCalculateMotorcycleParkingCostLowCilinder" classname="com.ceiba.parking.application.bussines.CalculateCostTest" time="0.004"/>
  <testcase name="testCalculateMotorcycleParkingCostTenHours" classname="com.ceiba.parking.application.bussines.CalculateCostTest" time="0.005"/>
  <system-out><![CDATA[2018-05-21 16:22:03.107  INFO 2072 --- [    Test worker] .b.t.c.SpringBootTestContextBootstrapper : Neither @ContextConfiguration nor @ContextHierarchy found for test class [com.ceiba.parking.application.bussines.CalculateCostTest], using SpringBootContextLoader
2018-05-21 16:22:03.109  INFO 2072 --- [    Test worker] o.s.t.c.support.AbstractContextLoader    : Could not detect default resource locations for test class [com.ceiba.parking.application.bussines.CalculateCostTest]: no resource found for suffixes {-context.xml, Context.groovy}.
2018-05-21 16:22:03.110  INFO 2072 --- [    Test worker] t.c.s.AnnotationConfigContextLoaderUtils : Could not detect default configuration classes for test class [com.ceiba.parking.application.bussines.CalculateCostTest]: CalculateCostTest does not declare any static, non-private, non-final, nested classes annotated with @Configuration.
2018-05-21 16:22:03.125  INFO 2072 --- [    Test worker] .b.t.c.SpringBootTestContextBootstrapper : Found @SpringBootConfiguration com.ceiba.parking.application.Application for test class com.ceiba.parking.application.bussines.CalculateCostTest
2018-05-21 16:22:03.127  INFO 2072 --- [    Test worker] .b.t.c.SpringBootTestContextBootstrapper : Loaded default TestExecutionListener class names from location [META-INF/spring.factories]: [org.springframework.boot.test.autoconfigure.restdocs.RestDocsTestExecutionListener, org.springframework.boot.test.autoconfigure.web.client.MockRestServiceServerResetTestExecutionListener, org.springframework.boot.test.autoconfigure.web.servlet.MockMvcPrintOnlyOnFailureTestExecutionListener, org.springframework.boot.test.autoconfigure.web.servlet.WebDriverTestExecutionListener, org.springframework.boot.test.mock.mockito.MockitoTestExecutionListener, org.springframework.boot.test.mock.mockito.ResetMocksTestExecutionListener, org.springframework.test.context.web.ServletTestExecutionListener, org.springframework.test.context.support.DirtiesContextBeforeModesTestExecutionListener, org.springframework.test.context.support.DependencyInjectionTestExecutionListener, org.springframework.test.context.support.DirtiesContextTestExecutionListener, org.springframework.test.context.transaction.TransactionalTestExecutionListener, org.springframework.test.context.jdbc.SqlScriptsTestExecutionListener]
2018-05-21 16:22:03.128  INFO 2072 --- [    Test worker] .b.t.c.SpringBootTestContextBootstrapper : Using TestExecutionListeners: [org.springframework.test.context.web.ServletTestExecutionListener@66904dd0, org.springframework.test.context.support.DirtiesContextBeforeModesTestExecutionListener@7e457a50, org.springframework.boot.test.mock.mockito.MockitoTestExecutionListener@1e9b0731, org.springframework.boot.test.autoconfigure.SpringBootDependencyInjectionTestExecutionListener@3bb0b1ba, org.springframework.test.context.support.DirtiesContextTestExecutionListener@5faa95d1, org.springframework.test.context.transaction.TransactionalTestExecutionListener@ae8f38e, org.springframework.test.context.jdbc.SqlScriptsTestExecutionListener@4c0ccf6d, org.springframework.boot.test.autoconfigure.restdocs.RestDocsTestExecutionListener@720f8a37, org.springframework.boot.test.autoconfigure.web.client.MockRestServiceServerResetTestExecutionListener@79008dba, org.springframework.boot.test.autoconfigure.web.servlet.MockMvcPrintOnlyOnFailureTestExecutionListener@34b96597, org.springframework.boot.test.autoconfigure.web.servlet.WebDriverTestExecutionListener@1e64b3ca, org.springframework.boot.test.mock.mockito.ResetMocksTestExecutionListener@10b4cc03]
]]></system-out>
  <system-err><![CDATA[]]></system-err>
</testsuite>
