<?xml version="1.0" encoding="UTF-8"?>
<testsuite name="com.ceiba.parking.application.business.ParkingRulesImplTest" tests="5" skipped="0" failures="0" errors="0" timestamp="2018-05-21T21:11:56" hostname="JUAN-HERRERA" time="0.064">
  <properties/>
  <testcase name="testVehicleAlreadyParked" classname="com.ceiba.parking.application.business.ParkingRulesImplTest" time="0.028"/>
  <testcase name="testPlateRestriction" classname="com.ceiba.parking.application.business.ParkingRulesImplTest" time="0.006"/>
  <testcase name="testAvailableCarSpot" classname="com.ceiba.parking.application.business.ParkingRulesImplTest" time="0.007"/>
  <testcase name="testValidateRegister" classname="com.ceiba.parking.application.business.ParkingRulesImplTest" time="0.007"/>
  <testcase name="testAvailableMotorcycleSpot" classname="com.ceiba.parking.application.business.ParkingRulesImplTest" time="0.006"/>
  <system-out><![CDATA[2018-05-21 16:11:55.773  INFO 12624 --- [    Test worker] .b.t.c.SpringBootTestContextBootstrapper : Neither @ContextConfiguration nor @ContextHierarchy found for test class [com.ceiba.parking.application.business.ParkingRulesImplTest], using SpringBootContextLoader
2018-05-21 16:11:55.774  INFO 12624 --- [    Test worker] o.s.t.c.support.AbstractContextLoader    : Could not detect default resource locations for test class [com.ceiba.parking.application.business.ParkingRulesImplTest]: no resource found for suffixes {-context.xml, Context.groovy}.
2018-05-21 16:11:55.775  INFO 12624 --- [    Test worker] t.c.s.AnnotationConfigContextLoaderUtils : Could not detect default configuration classes for test class [com.ceiba.parking.application.business.ParkingRulesImplTest]: ParkingRulesImplTest does not declare any static, non-private, non-final, nested classes annotated with @Configuration.
2018-05-21 16:11:55.785  INFO 12624 --- [    Test worker] .b.t.c.SpringBootTestContextBootstrapper : Found @SpringBootConfiguration com.ceiba.parking.application.Application for test class com.ceiba.parking.application.business.ParkingRulesImplTest
2018-05-21 16:11:55.787  INFO 12624 --- [    Test worker] .b.t.c.SpringBootTestContextBootstrapper : Loaded default TestExecutionListener class names from location [META-INF/spring.factories]: [org.springframework.boot.test.autoconfigure.restdocs.RestDocsTestExecutionListener, org.springframework.boot.test.autoconfigure.web.client.MockRestServiceServerResetTestExecutionListener, org.springframework.boot.test.autoconfigure.web.servlet.MockMvcPrintOnlyOnFailureTestExecutionListener, org.springframework.boot.test.autoconfigure.web.servlet.WebDriverTestExecutionListener, org.springframework.boot.test.mock.mockito.MockitoTestExecutionListener, org.springframework.boot.test.mock.mockito.ResetMocksTestExecutionListener, org.springframework.test.context.web.ServletTestExecutionListener, org.springframework.test.context.support.DirtiesContextBeforeModesTestExecutionListener, org.springframework.test.context.support.DependencyInjectionTestExecutionListener, org.springframework.test.context.support.DirtiesContextTestExecutionListener, org.springframework.test.context.transaction.TransactionalTestExecutionListener, org.springframework.test.context.jdbc.SqlScriptsTestExecutionListener]
2018-05-21 16:11:55.789  INFO 12624 --- [    Test worker] .b.t.c.SpringBootTestContextBootstrapper : Using TestExecutionListeners: [org.springframework.test.context.web.ServletTestExecutionListener@5a348106, org.springframework.test.context.support.DirtiesContextBeforeModesTestExecutionListener@74149e9, org.springframework.boot.test.mock.mockito.MockitoTestExecutionListener@6544cdc5, org.springframework.boot.test.autoconfigure.SpringBootDependencyInjectionTestExecutionListener@22bc2e3e, org.springframework.test.context.support.DirtiesContextTestExecutionListener@5cfeb7de, org.springframework.test.context.transaction.TransactionalTestExecutionListener@51fda3a9, org.springframework.test.context.jdbc.SqlScriptsTestExecutionListener@129476b6, org.springframework.boot.test.autoconfigure.restdocs.RestDocsTestExecutionListener@511a7704, org.springframework.boot.test.autoconfigure.web.client.MockRestServiceServerResetTestExecutionListener@78736abe, org.springframework.boot.test.autoconfigure.web.servlet.MockMvcPrintOnlyOnFailureTestExecutionListener@44af7ef2, org.springframework.boot.test.autoconfigure.web.servlet.WebDriverTestExecutionListener@75bf8117, org.springframework.boot.test.mock.mockito.ResetMocksTestExecutionListener@771f6af3]
]]></system-out>
  <system-err><![CDATA[]]></system-err>
</testsuite>
