<?xml version="1.0" encoding="UTF-8"?>
<testsuite name="com.ceiba.parking.application.bussines.ParkingRulesImplTest" tests="3" skipped="0" failures="0" errors="0" timestamp="2018-05-21T21:22:03" hostname="JUAN-HERRERA" time="0.014">
  <properties/>
  <testcase name="testMotorcycleAvailableSpot" classname="com.ceiba.parking.application.bussines.ParkingRulesImplTest" time="0.003"/>
  <testcase name="testPlateRestriction" classname="com.ceiba.parking.application.bussines.ParkingRulesImplTest" time="0.004"/>
  <testcase name="testCarAvailableSpot" classname="com.ceiba.parking.application.bussines.ParkingRulesImplTest" time="0.004"/>
  <system-out><![CDATA[2018-05-21 16:22:03.180  INFO 2072 --- [    Test worker] .b.t.c.SpringBootTestContextBootstrapper : Neither @ContextConfiguration nor @ContextHierarchy found for test class [com.ceiba.parking.application.bussines.ParkingRulesImplTest], using SpringBootContextLoader
2018-05-21 16:22:03.181  INFO 2072 --- [    Test worker] o.s.t.c.support.AbstractContextLoader    : Could not detect default resource locations for test class [com.ceiba.parking.application.bussines.ParkingRulesImplTest]: no resource found for suffixes {-context.xml, Context.groovy}.
2018-05-21 16:22:03.181  INFO 2072 --- [    Test worker] t.c.s.AnnotationConfigContextLoaderUtils : Could not detect default configuration classes for test class [com.ceiba.parking.application.bussines.ParkingRulesImplTest]: ParkingRulesImplTest does not declare any static, non-private, non-final, nested classes annotated with @Configuration.
2018-05-21 16:22:03.183  INFO 2072 --- [    Test worker] .b.t.c.SpringBootTestContextBootstrapper : Found @SpringBootConfiguration com.ceiba.parking.application.Application for test class com.ceiba.parking.application.bussines.ParkingRulesImplTest
2018-05-21 16:22:03.186  INFO 2072 --- [    Test worker] .b.t.c.SpringBootTestContextBootstrapper : Loaded default TestExecutionListener class names from location [META-INF/spring.factories]: [org.springframework.boot.test.autoconfigure.restdocs.RestDocsTestExecutionListener, org.springframework.boot.test.autoconfigure.web.client.MockRestServiceServerResetTestExecutionListener, org.springframework.boot.test.autoconfigure.web.servlet.MockMvcPrintOnlyOnFailureTestExecutionListener, org.springframework.boot.test.autoconfigure.web.servlet.WebDriverTestExecutionListener, org.springframework.boot.test.mock.mockito.MockitoTestExecutionListener, org.springframework.boot.test.mock.mockito.ResetMocksTestExecutionListener, org.springframework.test.context.web.ServletTestExecutionListener, org.springframework.test.context.support.DirtiesContextBeforeModesTestExecutionListener, org.springframework.test.context.support.DependencyInjectionTestExecutionListener, org.springframework.test.context.support.DirtiesContextTestExecutionListener, org.springframework.test.context.transaction.TransactionalTestExecutionListener, org.springframework.test.context.jdbc.SqlScriptsTestExecutionListener]
2018-05-21 16:22:03.186  INFO 2072 --- [    Test worker] .b.t.c.SpringBootTestContextBootstrapper : Using TestExecutionListeners: [org.springframework.test.context.web.ServletTestExecutionListener@2463aa8f, org.springframework.test.context.support.DirtiesContextBeforeModesTestExecutionListener@799724d6, org.springframework.boot.test.mock.mockito.MockitoTestExecutionListener@8b9cd31, org.springframework.boot.test.autoconfigure.SpringBootDependencyInjectionTestExecutionListener@1f5558a, org.springframework.test.context.support.DirtiesContextTestExecutionListener@387bb0e9, org.springframework.test.context.transaction.TransactionalTestExecutionListener@788a82a4, org.springframework.test.context.jdbc.SqlScriptsTestExecutionListener@3e1c08c1, org.springframework.boot.test.autoconfigure.restdocs.RestDocsTestExecutionListener@15ee438d, org.springframework.boot.test.autoconfigure.web.client.MockRestServiceServerResetTestExecutionListener@70774521, org.springframework.boot.test.autoconfigure.web.servlet.MockMvcPrintOnlyOnFailureTestExecutionListener@5c447629, org.springframework.boot.test.autoconfigure.web.servlet.WebDriverTestExecutionListener@2403760, org.springframework.boot.test.mock.mockito.ResetMocksTestExecutionListener@65d5fe8e]
]]></system-out>
  <system-err><![CDATA[]]></system-err>
</testsuite>
