<?xml version="1.0" encoding="UTF-8"?>
<testsuite name="com.ceiba.parking.application.bussines.ParkingRulesImplTest" tests="3" skipped="0" failures="0" errors="0" timestamp="2018-05-21T21:11:56" hostname="JUAN-HERRERA" time="0.022">
  <properties/>
  <testcase name="testMotorcycleAvailableSpot" classname="com.ceiba.parking.application.bussines.ParkingRulesImplTest" time="0.005"/>
  <testcase name="testPlateRestriction" classname="com.ceiba.parking.application.bussines.ParkingRulesImplTest" time="0.006"/>
  <testcase name="testCarAvailableSpot" classname="com.ceiba.parking.application.bussines.ParkingRulesImplTest" time="0.006"/>
  <system-out><![CDATA[2018-05-21 16:11:56.593  INFO 12624 --- [    Test worker] .b.t.c.SpringBootTestContextBootstrapper : Neither @ContextConfiguration nor @ContextHierarchy found for test class [com.ceiba.parking.application.bussines.ParkingRulesImplTest], using SpringBootContextLoader
2018-05-21 16:11:56.595  INFO 12624 --- [    Test worker] o.s.t.c.support.AbstractContextLoader    : Could not detect default resource locations for test class [com.ceiba.parking.application.bussines.ParkingRulesImplTest]: no resource found for suffixes {-context.xml, Context.groovy}.
2018-05-21 16:11:56.595  INFO 12624 --- [    Test worker] t.c.s.AnnotationConfigContextLoaderUtils : Could not detect default configuration classes for test class [com.ceiba.parking.application.bussines.ParkingRulesImplTest]: ParkingRulesImplTest does not declare any static, non-private, non-final, nested classes annotated with @Configuration.
2018-05-21 16:11:56.597  INFO 12624 --- [    Test worker] .b.t.c.SpringBootTestContextBootstrapper : Found @SpringBootConfiguration com.ceiba.parking.application.Application for test class com.ceiba.parking.application.bussines.ParkingRulesImplTest
2018-05-21 16:11:56.600  INFO 12624 --- [    Test worker] .b.t.c.SpringBootTestContextBootstrapper : Loaded default TestExecutionListener class names from location [META-INF/spring.factories]: [org.springframework.boot.test.autoconfigure.restdocs.RestDocsTestExecutionListener, org.springframework.boot.test.autoconfigure.web.client.MockRestServiceServerResetTestExecutionListener, org.springframework.boot.test.autoconfigure.web.servlet.MockMvcPrintOnlyOnFailureTestExecutionListener, org.springframework.boot.test.autoconfigure.web.servlet.WebDriverTestExecutionListener, org.springframework.boot.test.mock.mockito.MockitoTestExecutionListener, org.springframework.boot.test.mock.mockito.ResetMocksTestExecutionListener, org.springframework.test.context.web.ServletTestExecutionListener, org.springframework.test.context.support.DirtiesContextBeforeModesTestExecutionListener, org.springframework.test.context.support.DependencyInjectionTestExecutionListener, org.springframework.test.context.support.DirtiesContextTestExecutionListener, org.springframework.test.context.transaction.TransactionalTestExecutionListener, org.springframework.test.context.jdbc.SqlScriptsTestExecutionListener]
2018-05-21 16:11:56.601  INFO 12624 --- [    Test worker] .b.t.c.SpringBootTestContextBootstrapper : Using TestExecutionListeners: [org.springframework.test.context.web.ServletTestExecutionListener@2a1364c0, org.springframework.test.context.support.DirtiesContextBeforeModesTestExecutionListener@10d8ca03, org.springframework.boot.test.mock.mockito.MockitoTestExecutionListener@1b927b41, org.springframework.boot.test.autoconfigure.SpringBootDependencyInjectionTestExecutionListener@4301b030, org.springframework.test.context.support.DirtiesContextTestExecutionListener@7285f9f4, org.springframework.test.context.transaction.TransactionalTestExecutionListener@24dbad75, org.springframework.test.context.jdbc.SqlScriptsTestExecutionListener@2c1b82dc, org.springframework.boot.test.autoconfigure.restdocs.RestDocsTestExecutionListener@6255375f, org.springframework.boot.test.autoconfigure.web.client.MockRestServiceServerResetTestExecutionListener@3f4238b8, org.springframework.boot.test.autoconfigure.web.servlet.MockMvcPrintOnlyOnFailureTestExecutionListener@468b9a20, org.springframework.boot.test.autoconfigure.web.servlet.WebDriverTestExecutionListener@3676ed4f, org.springframework.boot.test.mock.mockito.ResetMocksTestExecutionListener@7dd2cb11]
]]></system-out>
  <system-err><![CDATA[]]></system-err>
</testsuite>
