<?xml version="1.0" encoding="UTF-8"?>
<testsuite name="com.ceiba.parking.application.service.ParkingControllerTest" tests="10" skipped="0" failures="0" errors="0" timestamp="2018-05-21T21:22:03" hostname="JUAN-HERRERA" time="0.078">
  <properties/>
  <testcase name="noLawfulDayregisterVehicle" classname="com.ceiba.parking.application.service.ParkingControllerTest" time="0.008"/>
  <testcase name="searchVehicleTest" classname="com.ceiba.parking.application.service.ParkingControllerTest" time="0.01"/>
  <testcase name="registerMotorcycleVehicleService" classname="com.ceiba.parking.application.service.ParkingControllerTest" time="0.006"/>
  <testcase name="retireCar" classname="com.ceiba.parking.application.service.ParkingControllerTest" time="0.006"/>
  <testcase name="retireCarTenHours" classname="com.ceiba.parking.application.service.ParkingControllerTest" time="0.005"/>
  <testcase name="registerPayment" classname="com.ceiba.parking.application.service.ParkingControllerTest" time="0.005"/>
  <testcase name="noAvailablePlacesCar" classname="com.ceiba.parking.application.service.ParkingControllerTest" time="0.004"/>
  <testcase name="retireCarOneDaysThreeHours" classname="com.ceiba.parking.application.service.ParkingControllerTest" time="0.005"/>
  <testcase name="registerCarVehicleService" classname="com.ceiba.parking.application.service.ParkingControllerTest" time="0.005"/>
  <testcase name="retireMotorcycleTenHours" classname="com.ceiba.parking.application.service.ParkingControllerTest" time="0.005"/>
  <system-out><![CDATA[2018-05-21 16:22:03.304  INFO 2072 --- [    Test worker] .b.t.c.SpringBootTestContextBootstrapper : Neither @ContextConfiguration nor @ContextHierarchy found for test class [com.ceiba.parking.application.service.ParkingControllerTest], using SpringBootContextLoader
2018-05-21 16:22:03.306  INFO 2072 --- [    Test worker] o.s.t.c.support.AbstractContextLoader    : Could not detect default resource locations for test class [com.ceiba.parking.application.service.ParkingControllerTest]: no resource found for suffixes {-context.xml, Context.groovy}.
2018-05-21 16:22:03.306  INFO 2072 --- [    Test worker] t.c.s.AnnotationConfigContextLoaderUtils : Could not detect default configuration classes for test class [com.ceiba.parking.application.service.ParkingControllerTest]: ParkingControllerTest does not declare any static, non-private, non-final, nested classes annotated with @Configuration.
2018-05-21 16:22:03.308  INFO 2072 --- [    Test worker] .b.t.c.SpringBootTestContextBootstrapper : Found @SpringBootConfiguration com.ceiba.parking.application.Application for test class com.ceiba.parking.application.service.ParkingControllerTest
2018-05-21 16:22:03.334  INFO 2072 --- [    Test worker] .b.t.c.SpringBootTestContextBootstrapper : Loaded default TestExecutionListener class names from location [META-INF/spring.factories]: [org.springframework.boot.test.autoconfigure.restdocs.RestDocsTestExecutionListener, org.springframework.boot.test.autoconfigure.web.client.MockRestServiceServerResetTestExecutionListener, org.springframework.boot.test.autoconfigure.web.servlet.MockMvcPrintOnlyOnFailureTestExecutionListener, org.springframework.boot.test.autoconfigure.web.servlet.WebDriverTestExecutionListener, org.springframework.boot.test.mock.mockito.MockitoTestExecutionListener, org.springframework.boot.test.mock.mockito.ResetMocksTestExecutionListener, org.springframework.test.context.web.ServletTestExecutionListener, org.springframework.test.context.support.DirtiesContextBeforeModesTestExecutionListener, org.springframework.test.context.support.DependencyInjectionTestExecutionListener, org.springframework.test.context.support.DirtiesContextTestExecutionListener, org.springframework.test.context.transaction.TransactionalTestExecutionListener, org.springframework.test.context.jdbc.SqlScriptsTestExecutionListener]
2018-05-21 16:22:03.335  INFO 2072 --- [    Test worker] .b.t.c.SpringBootTestContextBootstrapper : Using TestExecutionListeners: [org.springframework.test.context.web.ServletTestExecutionListener@67f7b20d, org.springframework.test.context.support.DirtiesContextBeforeModesTestExecutionListener@661b17a5, org.springframework.boot.test.mock.mockito.MockitoTestExecutionListener@7221023f, org.springframework.boot.test.autoconfigure.SpringBootDependencyInjectionTestExecutionListener@5d86cd0f, org.springframework.test.context.support.DirtiesContextTestExecutionListener@7bb7b68, org.springframework.test.context.transaction.TransactionalTestExecutionListener@39a3e205, org.springframework.test.context.jdbc.SqlScriptsTestExecutionListener@43e93ff4, org.springframework.boot.test.autoconfigure.restdocs.RestDocsTestExecutionListener@286c7c33, org.springframework.boot.test.autoconfigure.web.client.MockRestServiceServerResetTestExecutionListener@74d0326d, org.springframework.boot.test.autoconfigure.web.servlet.MockMvcPrintOnlyOnFailureTestExecutionListener@52c54538, org.springframework.boot.test.autoconfigure.web.servlet.WebDriverTestExecutionListener@5859d60b, org.springframework.boot.test.mock.mockito.ResetMocksTestExecutionListener@131fb4d7]
]]></system-out>
  <system-err><![CDATA[]]></system-err>
</testsuite>
