<?xml version="1.0" encoding="UTF-8"?>
<testsuite name="com.ceibaParking.application.service.parkingServiceTest" tests="2" skipped="0" failures="0" errors="0" timestamp="2018-05-10T21:03:04" hostname="JUAN-HERRERA" time="0.21">
  <properties/>
  <testcase name="registerMotorcycleService" classname="com.ceibaParking.application.service.parkingServiceTest" time="0.171"/>
  <testcase name="registerCarService" classname="com.ceibaParking.application.service.parkingServiceTest" time="0.038"/>
  <system-out><![CDATA[2018-05-10 16:03:04.115  INFO 12204 --- [    Test worker] .b.t.c.SpringBootTestContextBootstrapper : Neither @ContextConfiguration nor @ContextHierarchy found for test class [com.ceibaParking.application.service.parkingServiceTest], using SpringBootContextLoader
2018-05-10 16:03:04.117  INFO 12204 --- [    Test worker] o.s.t.c.support.AbstractContextLoader    : Could not detect default resource locations for test class [com.ceibaParking.application.service.parkingServiceTest]: no resource found for suffixes {-context.xml, Context.groovy}.
2018-05-10 16:03:04.118  INFO 12204 --- [    Test worker] t.c.s.AnnotationConfigContextLoaderUtils : Could not detect default configuration classes for test class [com.ceibaParking.application.service.parkingServiceTest]: parkingServiceTest does not declare any static, non-private, non-final, nested classes annotated with @Configuration.
2018-05-10 16:03:04.136  INFO 12204 --- [    Test worker] .b.t.c.SpringBootTestContextBootstrapper : Found @SpringBootConfiguration com.ceibaParking.application.Application for test class com.ceibaParking.application.service.parkingServiceTest
2018-05-10 16:03:04.140  INFO 12204 --- [    Test worker] .b.t.c.SpringBootTestContextBootstrapper : Loaded default TestExecutionListener class names from location [META-INF/spring.factories]: [org.springframework.boot.test.autoconfigure.restdocs.RestDocsTestExecutionListener, org.springframework.boot.test.autoconfigure.web.client.MockRestServiceServerResetTestExecutionListener, org.springframework.boot.test.autoconfigure.web.servlet.MockMvcPrintOnlyOnFailureTestExecutionListener, org.springframework.boot.test.autoconfigure.web.servlet.WebDriverTestExecutionListener, org.springframework.boot.test.mock.mockito.MockitoTestExecutionListener, org.springframework.boot.test.mock.mockito.ResetMocksTestExecutionListener, org.springframework.test.context.web.ServletTestExecutionListener, org.springframework.test.context.support.DirtiesContextBeforeModesTestExecutionListener, org.springframework.test.context.support.DependencyInjectionTestExecutionListener, org.springframework.test.context.support.DirtiesContextTestExecutionListener, org.springframework.test.context.transaction.TransactionalTestExecutionListener, org.springframework.test.context.jdbc.SqlScriptsTestExecutionListener]
2018-05-10 16:03:04.141  INFO 12204 --- [    Test worker] .b.t.c.SpringBootTestContextBootstrapper : Using TestExecutionListeners: [org.springframework.test.context.web.ServletTestExecutionListener@3989a174, org.springframework.test.context.support.DirtiesContextBeforeModesTestExecutionListener@2c334cac, org.springframework.boot.test.mock.mockito.MockitoTestExecutionListener@7a89341a, org.springframework.boot.test.autoconfigure.SpringBootDependencyInjectionTestExecutionListener@7c23824b, org.springframework.test.context.support.DirtiesContextTestExecutionListener@8550eba, org.springframework.test.context.transaction.TransactionalTestExecutionListener@3eb56530, org.springframework.test.context.jdbc.SqlScriptsTestExecutionListener@d2faf18, org.springframework.boot.test.autoconfigure.restdocs.RestDocsTestExecutionListener@6d7e552c, org.springframework.boot.test.autoconfigure.web.client.MockRestServiceServerResetTestExecutionListener@4d7eb6e7, org.springframework.boot.test.autoconfigure.web.servlet.MockMvcPrintOnlyOnFailureTestExecutionListener@5877d69d, org.springframework.boot.test.autoconfigure.web.servlet.WebDriverTestExecutionListener@28d0e5e4, org.springframework.boot.test.mock.mockito.ResetMocksTestExecutionListener@371812e7]
]]></system-out>
  <system-err><![CDATA[]]></system-err>
</testsuite>
