<?xml version="1.0" encoding="UTF-8"?>
<testsuite name="com.ceiba.parking.application.bussines.CalculateCostTest" tests="4" skipped="0" failures="0" errors="0" timestamp="2018-05-21T21:11:56" hostname="JUAN-HERRERA" time="0.028">
  <properties/>
  <testcase name="testCalculateCarParkingCost" classname="com.ceiba.parking.application.bussines.CalculateCostTest" time="0.005"/>
  <testcase name="testCalculateMotorcycleParkingCostHighCilinder" classname="com.ceiba.parking.application.bussines.CalculateCostTest" time="0.006"/>
  <testcase name="testCalculateMotorcycleParkingCostLowCilinder" classname="com.ceiba.parking.application.bussines.CalculateCostTest" time="0.006"/>
  <testcase name="testCalculateMotorcycleParkingCostTenHours" classname="com.ceiba.parking.application.bussines.CalculateCostTest" time="0.007"/>
  <system-out><![CDATA[2018-05-21 16:11:56.505  INFO 12624 --- [    Test worker] .b.t.c.SpringBootTestContextBootstrapper : Neither @ContextConfiguration nor @ContextHierarchy found for test class [com.ceiba.parking.application.bussines.CalculateCostTest], using SpringBootContextLoader
2018-05-21 16:11:56.507  INFO 12624 --- [    Test worker] o.s.t.c.support.AbstractContextLoader    : Could not detect default resource locations for test class [com.ceiba.parking.application.bussines.CalculateCostTest]: no resource found for suffixes {-context.xml, Context.groovy}.
2018-05-21 16:11:56.507  INFO 12624 --- [    Test worker] t.c.s.AnnotationConfigContextLoaderUtils : Could not detect default configuration classes for test class [com.ceiba.parking.application.bussines.CalculateCostTest]: CalculateCostTest does not declare any static, non-private, non-final, nested classes annotated with @Configuration.
2018-05-21 16:11:56.521  INFO 12624 --- [    Test worker] .b.t.c.SpringBootTestContextBootstrapper : Found @SpringBootConfiguration com.ceiba.parking.application.Application for test class com.ceiba.parking.application.bussines.CalculateCostTest
2018-05-21 16:11:56.523  INFO 12624 --- [    Test worker] .b.t.c.SpringBootTestContextBootstrapper : Loaded default TestExecutionListener class names from location [META-INF/spring.factories]: [org.springframework.boot.test.autoconfigure.restdocs.RestDocsTestExecutionListener, org.springframework.boot.test.autoconfigure.web.client.MockRestServiceServerResetTestExecutionListener, org.springframework.boot.test.autoconfigure.web.servlet.MockMvcPrintOnlyOnFailureTestExecutionListener, org.springframework.boot.test.autoconfigure.web.servlet.WebDriverTestExecutionListener, org.springframework.boot.test.mock.mockito.MockitoTestExecutionListener, org.springframework.boot.test.mock.mockito.ResetMocksTestExecutionListener, org.springframework.test.context.web.ServletTestExecutionListener, org.springframework.test.context.support.DirtiesContextBeforeModesTestExecutionListener, org.springframework.test.context.support.DependencyInjectionTestExecutionListener, org.springframework.test.context.support.DirtiesContextTestExecutionListener, org.springframework.test.context.transaction.TransactionalTestExecutionListener, org.springframework.test.context.jdbc.SqlScriptsTestExecutionListener]
2018-05-21 16:11:56.524  INFO 12624 --- [    Test worker] .b.t.c.SpringBootTestContextBootstrapper : Using TestExecutionListeners: [org.springframework.test.context.web.ServletTestExecutionListener@422656c9, org.springframework.test.context.support.DirtiesContextBeforeModesTestExecutionListener@1323474a, org.springframework.boot.test.mock.mockito.MockitoTestExecutionListener@36e0afaf, org.springframework.boot.test.autoconfigure.SpringBootDependencyInjectionTestExecutionListener@5be7e8e3, org.springframework.test.context.support.DirtiesContextTestExecutionListener@2b076d48, org.springframework.test.context.transaction.TransactionalTestExecutionListener@22976675, org.springframework.test.context.jdbc.SqlScriptsTestExecutionListener@11b9385f, org.springframework.boot.test.autoconfigure.restdocs.RestDocsTestExecutionListener@757d6a7b, org.springframework.boot.test.autoconfigure.web.client.MockRestServiceServerResetTestExecutionListener@650024b1, org.springframework.boot.test.autoconfigure.web.servlet.MockMvcPrintOnlyOnFailureTestExecutionListener@7cbd42aa, org.springframework.boot.test.autoconfigure.web.servlet.WebDriverTestExecutionListener@241ef6a2, org.springframework.boot.test.mock.mockito.ResetMocksTestExecutionListener@3aae7ee8]
]]></system-out>
  <system-err><![CDATA[]]></system-err>
</testsuite>
