<?xml version="1.0" encoding="UTF-8"?>
<testsuite name="com.ceiba.parking.application.business.ParkingRulesImplTest" tests="5" skipped="0" failures="0" errors="0" timestamp="2018-05-21T21:22:03" hostname="JUAN-HERRERA" time="0.057">
  <properties/>
  <testcase name="testVehicleAlreadyParked" classname="com.ceiba.parking.application.business.ParkingRulesImplTest" time="0.028"/>
  <testcase name="testPlateRestriction" classname="com.ceiba.parking.application.business.ParkingRulesImplTest" time="0.005"/>
  <testcase name="testAvailableCarSpot" classname="com.ceiba.parking.application.business.ParkingRulesImplTest" time="0.005"/>
  <testcase name="testValidateRegister" classname="com.ceiba.parking.application.business.ParkingRulesImplTest" time="0.005"/>
  <testcase name="testAvailableMotorcycleSpot" classname="com.ceiba.parking.application.business.ParkingRulesImplTest" time="0.007"/>
  <system-out><![CDATA[2018-05-21 16:22:02.293  INFO 2072 --- [    Test worker] .b.t.c.SpringBootTestContextBootstrapper : Neither @ContextConfiguration nor @ContextHierarchy found for test class [com.ceiba.parking.application.business.ParkingRulesImplTest], using SpringBootContextLoader
2018-05-21 16:22:02.295  INFO 2072 --- [    Test worker] o.s.t.c.support.AbstractContextLoader    : Could not detect default resource locations for test class [com.ceiba.parking.application.business.ParkingRulesImplTest]: no resource found for suffixes {-context.xml, Context.groovy}.
2018-05-21 16:22:02.295  INFO 2072 --- [    Test worker] t.c.s.AnnotationConfigContextLoaderUtils : Could not detect default configuration classes for test class [com.ceiba.parking.application.business.ParkingRulesImplTest]: ParkingRulesImplTest does not declare any static, non-private, non-final, nested classes annotated with @Configuration.
2018-05-21 16:22:02.305  INFO 2072 --- [    Test worker] .b.t.c.SpringBootTestContextBootstrapper : Found @SpringBootConfiguration com.ceiba.parking.application.Application for test class com.ceiba.parking.application.business.ParkingRulesImplTest
2018-05-21 16:22:02.311  INFO 2072 --- [    Test worker] .b.t.c.SpringBootTestContextBootstrapper : Loaded default TestExecutionListener class names from location [META-INF/spring.factories]: [org.springframework.boot.test.autoconfigure.restdocs.RestDocsTestExecutionListener, org.springframework.boot.test.autoconfigure.web.client.MockRestServiceServerResetTestExecutionListener, org.springframework.boot.test.autoconfigure.web.servlet.MockMvcPrintOnlyOnFailureTestExecutionListener, org.springframework.boot.test.autoconfigure.web.servlet.WebDriverTestExecutionListener, org.springframework.boot.test.mock.mockito.MockitoTestExecutionListener, org.springframework.boot.test.mock.mockito.ResetMocksTestExecutionListener, org.springframework.test.context.web.ServletTestExecutionListener, org.springframework.test.context.support.DirtiesContextBeforeModesTestExecutionListener, org.springframework.test.context.support.DependencyInjectionTestExecutionListener, org.springframework.test.context.support.DirtiesContextTestExecutionListener, org.springframework.test.context.transaction.TransactionalTestExecutionListener, org.springframework.test.context.jdbc.SqlScriptsTestExecutionListener]
2018-05-21 16:22:02.312  INFO 2072 --- [    Test worker] .b.t.c.SpringBootTestContextBootstrapper : Using TestExecutionListeners: [org.springframework.test.context.web.ServletTestExecutionListener@5caad283, org.springframework.test.context.support.DirtiesContextBeforeModesTestExecutionListener@9cdfa00, org.springframework.boot.test.mock.mockito.MockitoTestExecutionListener@25d4b93, org.springframework.boot.test.autoconfigure.SpringBootDependencyInjectionTestExecutionListener@373ca26d, org.springframework.test.context.support.DirtiesContextTestExecutionListener@3d8840c3, org.springframework.test.context.transaction.TransactionalTestExecutionListener@5bf3a088, org.springframework.test.context.jdbc.SqlScriptsTestExecutionListener@339a79b6, org.springframework.boot.test.autoconfigure.restdocs.RestDocsTestExecutionListener@61e79a62, org.springframework.boot.test.autoconfigure.web.client.MockRestServiceServerResetTestExecutionListener@1e1640c5, org.springframework.boot.test.autoconfigure.web.servlet.MockMvcPrintOnlyOnFailureTestExecutionListener@5827546f, org.springframework.boot.test.autoconfigure.web.servlet.WebDriverTestExecutionListener@3890d114, org.springframework.boot.test.mock.mockito.ResetMocksTestExecutionListener@65f968ee]
]]></system-out>
  <system-err><![CDATA[]]></system-err>
</testsuite>
