<?xml version="1.0" encoding="UTF-8"?>
<testsuite name="com.ceiba.parking.application.business.ParkingRulesImplTest" tests="5" skipped="0" failures="0" errors="0" timestamp="2018-05-21T20:50:41" hostname="JUAN-HERRERA" time="0.053">
  <properties/>
  <testcase name="testVehicleAlreadyParked" classname="com.ceiba.parking.application.business.ParkingRulesImplTest" time="0.025"/>
  <testcase name="testPlateRestriction" classname="com.ceiba.parking.application.business.ParkingRulesImplTest" time="0.006"/>
  <testcase name="testAvailableCarSpot" classname="com.ceiba.parking.application.business.ParkingRulesImplTest" time="0.005"/>
  <testcase name="testValidateRegister" classname="com.ceiba.parking.application.business.ParkingRulesImplTest" time="0.004"/>
  <testcase name="testAvailableMotorcycleSpot" classname="com.ceiba.parking.application.business.ParkingRulesImplTest" time="0.006"/>
  <system-out><![CDATA[2018-05-21 15:50:41.368  INFO 10764 --- [    Test worker] .b.t.c.SpringBootTestContextBootstrapper : Neither @ContextConfiguration nor @ContextHierarchy found for test class [com.ceiba.parking.application.business.ParkingRulesImplTest], using SpringBootContextLoader
2018-05-21 15:50:41.369  INFO 10764 --- [    Test worker] o.s.t.c.support.AbstractContextLoader    : Could not detect default resource locations for test class [com.ceiba.parking.application.business.ParkingRulesImplTest]: no resource found for suffixes {-context.xml, Context.groovy}.
2018-05-21 15:50:41.370  INFO 10764 --- [    Test worker] t.c.s.AnnotationConfigContextLoaderUtils : Could not detect default configuration classes for test class [com.ceiba.parking.application.business.ParkingRulesImplTest]: ParkingRulesImplTest does not declare any static, non-private, non-final, nested classes annotated with @Configuration.
2018-05-21 15:50:41.380  INFO 10764 --- [    Test worker] .b.t.c.SpringBootTestContextBootstrapper : Found @SpringBootConfiguration com.ceiba.parking.application.Application for test class com.ceiba.parking.application.business.ParkingRulesImplTest
2018-05-21 15:50:41.382  INFO 10764 --- [    Test worker] .b.t.c.SpringBootTestContextBootstrapper : Loaded default TestExecutionListener class names from location [META-INF/spring.factories]: [org.springframework.boot.test.autoconfigure.restdocs.RestDocsTestExecutionListener, org.springframework.boot.test.autoconfigure.web.client.MockRestServiceServerResetTestExecutionListener, org.springframework.boot.test.autoconfigure.web.servlet.MockMvcPrintOnlyOnFailureTestExecutionListener, org.springframework.boot.test.autoconfigure.web.servlet.WebDriverTestExecutionListener, org.springframework.boot.test.mock.mockito.MockitoTestExecutionListener, org.springframework.boot.test.mock.mockito.ResetMocksTestExecutionListener, org.springframework.test.context.web.ServletTestExecutionListener, org.springframework.test.context.support.DirtiesContextBeforeModesTestExecutionListener, org.springframework.test.context.support.DependencyInjectionTestExecutionListener, org.springframework.test.context.support.DirtiesContextTestExecutionListener, org.springframework.test.context.transaction.TransactionalTestExecutionListener, org.springframework.test.context.jdbc.SqlScriptsTestExecutionListener]
2018-05-21 15:50:41.383  INFO 10764 --- [    Test worker] .b.t.c.SpringBootTestContextBootstrapper : Using TestExecutionListeners: [org.springframework.test.context.web.ServletTestExecutionListener@25aef4fb, org.springframework.test.context.support.DirtiesContextBeforeModesTestExecutionListener@5b31abe3, org.springframework.boot.test.mock.mockito.MockitoTestExecutionListener@634fcdf0, org.springframework.boot.test.autoconfigure.SpringBootDependencyInjectionTestExecutionListener@2e0f8f7e, org.springframework.test.context.support.DirtiesContextTestExecutionListener@7cd4af68, org.springframework.test.context.transaction.TransactionalTestExecutionListener@2aec6da2, org.springframework.test.context.jdbc.SqlScriptsTestExecutionListener@37511542, org.springframework.boot.test.autoconfigure.restdocs.RestDocsTestExecutionListener@657718a9, org.springframework.boot.test.autoconfigure.web.client.MockRestServiceServerResetTestExecutionListener@3c815480, org.springframework.boot.test.autoconfigure.web.servlet.MockMvcPrintOnlyOnFailureTestExecutionListener@75c9afcf, org.springframework.boot.test.autoconfigure.web.servlet.WebDriverTestExecutionListener@4a8d4f31, org.springframework.boot.test.mock.mockito.ResetMocksTestExecutionListener@17e2a499]
]]></system-out>
  <system-err><![CDATA[]]></system-err>
</testsuite>
