<?xml version="1.0" encoding="UTF-8"?>
<testsuite name="com.ceibaParking.application.service.ParkingControllerTest" tests="7" skipped="0" failures="0" errors="0" timestamp="2018-05-16T17:29:04" hostname="JUAN-HERRERA" time="0.091">
  <properties/>
  <testcase name="retireCar" classname="com.ceibaParking.application.service.ParkingControllerTest" time="0.035"/>
  <testcase name="retireCarTenHours" classname="com.ceibaParking.application.service.ParkingControllerTest" time="0.006"/>
  <testcase name="noAvailablePlacesCar" classname="com.ceibaParking.application.service.ParkingControllerTest" time="0.007"/>
  <testcase name="retireCarOneDaysThreeHours" classname="com.ceibaParking.application.service.ParkingControllerTest" time="0.007"/>
  <testcase name="registerCarService" classname="com.ceibaParking.application.service.ParkingControllerTest" time="0.006"/>
  <testcase name="noLawfulDayRegisterCar" classname="com.ceibaParking.application.service.ParkingControllerTest" time="0.005"/>
  <testcase name="retireMotorcycleTenHours" classname="com.ceibaParking.application.service.ParkingControllerTest" time="0.005"/>
  <system-out><![CDATA[2018-05-16 12:29:03.218  INFO 7808 --- [    Test worker] .b.t.c.SpringBootTestContextBootstrapper : Neither @ContextConfiguration nor @ContextHierarchy found for test class [com.ceibaParking.application.service.ParkingControllerTest], using SpringBootContextLoader
2018-05-16 12:29:03.219  INFO 7808 --- [    Test worker] o.s.t.c.support.AbstractContextLoader    : Could not detect default resource locations for test class [com.ceibaParking.application.service.ParkingControllerTest]: no resource found for suffixes {-context.xml, Context.groovy}.
2018-05-16 12:29:03.220  INFO 7808 --- [    Test worker] t.c.s.AnnotationConfigContextLoaderUtils : Could not detect default configuration classes for test class [com.ceibaParking.application.service.ParkingControllerTest]: ParkingControllerTest does not declare any static, non-private, non-final, nested classes annotated with @Configuration.
2018-05-16 12:29:03.233  INFO 7808 --- [    Test worker] .b.t.c.SpringBootTestContextBootstrapper : Found @SpringBootConfiguration com.ceibaParking.application.Application for test class com.ceibaParking.application.service.ParkingControllerTest
2018-05-16 12:29:03.236  INFO 7808 --- [    Test worker] .b.t.c.SpringBootTestContextBootstrapper : Loaded default TestExecutionListener class names from location [META-INF/spring.factories]: [org.springframework.boot.test.autoconfigure.restdocs.RestDocsTestExecutionListener, org.springframework.boot.test.autoconfigure.web.client.MockRestServiceServerResetTestExecutionListener, org.springframework.boot.test.autoconfigure.web.servlet.MockMvcPrintOnlyOnFailureTestExecutionListener, org.springframework.boot.test.autoconfigure.web.servlet.WebDriverTestExecutionListener, org.springframework.boot.test.mock.mockito.MockitoTestExecutionListener, org.springframework.boot.test.mock.mockito.ResetMocksTestExecutionListener, org.springframework.test.context.web.ServletTestExecutionListener, org.springframework.test.context.support.DirtiesContextBeforeModesTestExecutionListener, org.springframework.test.context.support.DependencyInjectionTestExecutionListener, org.springframework.test.context.support.DirtiesContextTestExecutionListener, org.springframework.test.context.transaction.TransactionalTestExecutionListener, org.springframework.test.context.jdbc.SqlScriptsTestExecutionListener]
2018-05-16 12:29:03.237  INFO 7808 --- [    Test worker] .b.t.c.SpringBootTestContextBootstrapper : Using TestExecutionListeners: [org.springframework.test.context.web.ServletTestExecutionListener@4ba182a4, org.springframework.test.context.support.DirtiesContextBeforeModesTestExecutionListener@4aa1c828, org.springframework.boot.test.mock.mockito.MockitoTestExecutionListener@694590b6, org.springframework.boot.test.autoconfigure.SpringBootDependencyInjectionTestExecutionListener@3a71dc55, org.springframework.test.context.support.DirtiesContextTestExecutionListener@7d02dd1d, org.springframework.test.context.transaction.TransactionalTestExecutionListener@39a6ba1d, org.springframework.test.context.jdbc.SqlScriptsTestExecutionListener@7c235dbf, org.springframework.boot.test.autoconfigure.restdocs.RestDocsTestExecutionListener@4884b51a, org.springframework.boot.test.autoconfigure.web.client.MockRestServiceServerResetTestExecutionListener@23056322, org.springframework.boot.test.autoconfigure.web.servlet.MockMvcPrintOnlyOnFailureTestExecutionListener@2f7f430d, org.springframework.boot.test.autoconfigure.web.servlet.WebDriverTestExecutionListener@49d72df8, org.springframework.boot.test.mock.mockito.ResetMocksTestExecutionListener@24966dbd]
]]></system-out>
  <system-err><![CDATA[]]></system-err>
</testsuite>
