<?xml version="1.0" encoding="UTF-8"?>
<testsuite name="com.ceiba.parking.application.service.ParkingControllerTest" tests="10" skipped="0" failures="0" errors="0" timestamp="2018-05-21T21:11:56" hostname="JUAN-HERRERA" time="0.078">
  <properties/>
  <testcase name="noLawfulDayregisterVehicle" classname="com.ceiba.parking.application.service.ParkingControllerTest" time="0.009"/>
  <testcase name="searchVehicleTest" classname="com.ceiba.parking.application.service.ParkingControllerTest" time="0.006"/>
  <testcase name="registerMotorcycleVehicleService" classname="com.ceiba.parking.application.service.ParkingControllerTest" time="0.005"/>
  <testcase name="retireCar" classname="com.ceiba.parking.application.service.ParkingControllerTest" time="0.005"/>
  <testcase name="retireCarTenHours" classname="com.ceiba.parking.application.service.ParkingControllerTest" time="0.005"/>
  <testcase name="registerPayment" classname="com.ceiba.parking.application.service.ParkingControllerTest" time="0.007"/>
  <testcase name="noAvailablePlacesCar" classname="com.ceiba.parking.application.service.ParkingControllerTest" time="0.005"/>
  <testcase name="retireCarOneDaysThreeHours" classname="com.ceiba.parking.application.service.ParkingControllerTest" time="0.004"/>
  <testcase name="registerCarVehicleService" classname="com.ceiba.parking.application.service.ParkingControllerTest" time="0.004"/>
  <testcase name="retireMotorcycleTenHours" classname="com.ceiba.parking.application.service.ParkingControllerTest" time="0.006"/>
  <system-out><![CDATA[2018-05-21 16:11:56.641  INFO 12624 --- [    Test worker] .b.t.c.SpringBootTestContextBootstrapper : Neither @ContextConfiguration nor @ContextHierarchy found for test class [com.ceiba.parking.application.service.ParkingControllerTest], using SpringBootContextLoader
2018-05-21 16:11:56.681  INFO 12624 --- [    Test worker] o.s.t.c.support.AbstractContextLoader    : Could not detect default resource locations for test class [com.ceiba.parking.application.service.ParkingControllerTest]: no resource found for suffixes {-context.xml, Context.groovy}.
2018-05-21 16:11:56.682  INFO 12624 --- [    Test worker] t.c.s.AnnotationConfigContextLoaderUtils : Could not detect default configuration classes for test class [com.ceiba.parking.application.service.ParkingControllerTest]: ParkingControllerTest does not declare any static, non-private, non-final, nested classes annotated with @Configuration.
2018-05-21 16:11:56.710  INFO 12624 --- [    Test worker] .b.t.c.SpringBootTestContextBootstrapper : Found @SpringBootConfiguration com.ceiba.parking.application.Application for test class com.ceiba.parking.application.service.ParkingControllerTest
2018-05-21 16:11:56.713  INFO 12624 --- [    Test worker] .b.t.c.SpringBootTestContextBootstrapper : Loaded default TestExecutionListener class names from location [META-INF/spring.factories]: [org.springframework.boot.test.autoconfigure.restdocs.RestDocsTestExecutionListener, org.springframework.boot.test.autoconfigure.web.client.MockRestServiceServerResetTestExecutionListener, org.springframework.boot.test.autoconfigure.web.servlet.MockMvcPrintOnlyOnFailureTestExecutionListener, org.springframework.boot.test.autoconfigure.web.servlet.WebDriverTestExecutionListener, org.springframework.boot.test.mock.mockito.MockitoTestExecutionListener, org.springframework.boot.test.mock.mockito.ResetMocksTestExecutionListener, org.springframework.test.context.web.ServletTestExecutionListener, org.springframework.test.context.support.DirtiesContextBeforeModesTestExecutionListener, org.springframework.test.context.support.DependencyInjectionTestExecutionListener, org.springframework.test.context.support.DirtiesContextTestExecutionListener, org.springframework.test.context.transaction.TransactionalTestExecutionListener, org.springframework.test.context.jdbc.SqlScriptsTestExecutionListener]
2018-05-21 16:11:56.713  INFO 12624 --- [    Test worker] .b.t.c.SpringBootTestContextBootstrapper : Using TestExecutionListeners: [org.springframework.test.context.web.ServletTestExecutionListener@2b98f49e, org.springframework.test.context.support.DirtiesContextBeforeModesTestExecutionListener@37241626, org.springframework.boot.test.mock.mockito.MockitoTestExecutionListener@27a085db, org.springframework.boot.test.autoconfigure.SpringBootDependencyInjectionTestExecutionListener@70c4c9b1, org.springframework.test.context.support.DirtiesContextTestExecutionListener@1c94ef33, org.springframework.test.context.transaction.TransactionalTestExecutionListener@b964fa1, org.springframework.test.context.jdbc.SqlScriptsTestExecutionListener@28bb9d55, org.springframework.boot.test.autoconfigure.restdocs.RestDocsTestExecutionListener@7ee440b2, org.springframework.boot.test.autoconfigure.web.client.MockRestServiceServerResetTestExecutionListener@4532d52a, org.springframework.boot.test.autoconfigure.web.servlet.MockMvcPrintOnlyOnFailureTestExecutionListener@7c60716a, org.springframework.boot.test.autoconfigure.web.servlet.WebDriverTestExecutionListener@8450a86, org.springframework.boot.test.mock.mockito.ResetMocksTestExecutionListener@54f82aec]
]]></system-out>
  <system-err><![CDATA[]]></system-err>
</testsuite>
